
[02/05/2021, 17:20:23.259005] create_n_mail_certificates - () - {'csv_file_name': 'temp_data.csv', 'course_name': 'EPAi2', 'sign_name': 'Rohan Shravan', 'total_marks': 5000.0, 'sender_email': 'gaurav4664.test@gmail.com', 'mail_interval': 2.0, 'certi_template': './certificate_mailer/data/certi_template.jpg', 'certi_path': './certificates', 'overwrite': True, 'create_certi_only': True, 'verbose': True}

[02/05/2021, 17:20:23.261959] create_n_mail_certificates returned: None

[02/05/2021, 17:21:39.523114] create_n_mail_certificates - () - {'csv_file_name': 'test_data.csv', 'course_name': 'EPAi2', 'sign_name': 'Rohan Shravan', 'total_marks': 5000.0, 'sender_email': 'gaurav4664.test@gmail.com', 'mail_interval': 2.0, 'certi_template': './certificate_mailer/data/certi_template.jpg', 'certi_path': './certificates', 'overwrite': True, 'create_certi_only': True, 'verbose': True}

[02/05/2021, 17:21:39.526023] create_n_mail_certificates returned: None

[02/05/2021, 17:23:18.146747] create_n_mail_certificates - () - {'csv_file_name': 'test_data.csv', 'course_name': 'EPAi2', 'sign_name': 'Rohan Shravan', 'total_marks': 5000.0, 'sender_email': 'gaurav4664.test@gmail.com', 'mail_interval': 2.0, 'certi_template': './certificate_mailer/data/certi_template.jpg', 'certi_path': './certificates', 'overwrite': True, 'create_certi_only': True, 'verbose': True}

[02/05/2021, 17:23:18.148939] create_n_mail_certificates returned: None

[02/05/2021, 17:26:06.235710] create_n_mail_certificates - () - {'csv_file_name': 'test_data.csv', 'course_name': 'EPAi2', 'sign_name': 'Rohan Shravan', 'total_marks': 5000.0, 'sender_email': 'gaurav4664.test@gmail.com', 'mail_interval': 2.0, 'certi_template': './certificate_mailer/data/certi_template.jpg', 'certi_path': './certificates', 'overwrite': True, 'create_certi_only': True, 'verbose': True}

[02/05/2021, 17:26:06.238395] create_certificate - () - {'student_name': 'Gaurav Patel', 'course_name': 'EPAi2', 'sign_name': 'Rohan Shravan', 'certi_template': './certificate_mailer/data/certi_template.jpg', 'certi_path': './certificates', 'overwrite': True}

[02/05/2021, 17:26:06.281760] create_certificate returned: ./certificates/EPAi2_Gaurav_Patel_Rohan_Shravan.jpg

[02/05/2021, 17:26:06.282175] create_n_mail_certificates returned: True

[02/05/2021, 17:26:13.669656] create_n_mail_certificates - () - {'csv_file_name': 'temp_data.csv', 'course_name': 'EPAi2', 'sign_name': 'Rohan Shravan', 'total_marks': 5000.0, 'sender_email': 'gaurav4664.test@gmail.com', 'mail_interval': 2.0, 'certi_template': './certificate_mailer/data/certi_template.jpg', 'certi_path': './certificates', 'overwrite': True, 'create_certi_only': True, 'verbose': False}

[02/05/2021, 17:26:13.671341] create_certificate - () - {'student_name': 'Gaurav Patel', 'course_name': 'EPAi2', 'sign_name': 'Rohan Shravan', 'certi_template': './certificate_mailer/data/certi_template.jpg', 'certi_path': './certificates', 'overwrite': True}

[02/05/2021, 17:26:13.713927] create_certificate returned: ./certificates/EPAi2_Gaurav_Patel_Rohan_Shravan.jpg

[02/05/2021, 17:26:13.714271] create_n_mail_certificates returned: True

[02/05/2021, 17:27:06.620341] create_n_mail_certificates - () - {'csv_file_name': '.data/test_data_no_header.csv', 'course_name': 'EPAi2', 'sign_name': 'Rohan Shravan', 'total_marks': 5000, 'sender_email': 'gaurav4664.test@gmail.com', 'mail_interval': 2, 'certi_path': './certificates', 'overwrite': False, 'create_certi_only': False, 'verbose': False}

[02/05/2021, 17:27:06.621473] create_n_mail_certificates returned: False

[02/05/2021, 17:27:06.623735] create_n_mail_certificates - () - {'csv_file_name': '.data/test_data_invalid_header.csv', 'course_name': 'EPAi2', 'sign_name': 'Rohan Shravan', 'total_marks': 5000, 'sender_email': 'gaurav4664.test@gmail.com', 'mail_interval': 2, 'certi_path': './certificates', 'overwrite': False, 'create_certi_only': False, 'verbose': False}

[02/05/2021, 17:27:06.624044] create_n_mail_certificates returned: False

[02/05/2021, 17:27:06.626281] create_n_mail_certificates - () - {'csv_file_name': '.data/test_data_empty.csv', 'course_name': 'EPAi2', 'sign_name': 'Rohan Shravan', 'total_marks': 5000, 'sender_email': 'gaurav4664.test@gmail.com', 'mail_interval': 2, 'certi_path': './certificates', 'overwrite': False, 'create_certi_only': False, 'verbose': False}

[02/05/2021, 17:27:06.626601] create_n_mail_certificates returned: False

[02/05/2021, 17:27:06.628926] create_n_mail_certificates - () - {'csv_file_name': '.data/test_data_invalid_data.csv', 'course_name': 'EPAi2', 'sign_name': 'Rohan Shravan', 'total_marks': 5000, 'sender_email': 'gaurav4664.test@gmail.com', 'mail_interval': 2, 'certi_path': './certificates', 'overwrite': False, 'create_certi_only': False, 'verbose': False}

[02/05/2021, 17:27:06.629508] create_n_mail_certificates returned: False

[02/05/2021, 17:27:06.699538] create_n_mail_certificates - () - {'csv_file_name': 'large_data.csv', 'course_name': 'EPAi2', 'sign_name': 'Rohan Shravan', 'total_marks': 5000, 'sender_email': 'gaurav4664.test@gmail.com', 'mail_interval': 2, 'certi_path': 'test_certificates', 'overwrite': True, 'create_certi_only': True, 'verbose': False}

[02/05/2021, 17:27:06.701040] create_n_mail_certificates returned: True

[02/05/2021, 17:27:06.776572] create_n_mail_certificates - () - {'csv_file_name': 'temp_data.csv', 'course_name': 'EPAi2', 'sign_name': 'Rohan Shravan', 'total_marks': 5000, 'sender_email': 'gaurav4664.test@gmail.com', 'mail_interval': 2, 'certi_path': 'test_certificates', 'overwrite': False, 'create_certi_only': True, 'verbose': False}

[02/05/2021, 17:27:06.777464] create_certificate - () - {'student_name': 'Gaurav Patel', 'course_name': 'EPAi2', 'sign_name': 'Rohan Shravan', 'certi_template': '/home/gp-ubuntu/Desktop/EPAi2/EPAi2-Assignments/capstone/deployment/certificate_mailer/certificate_mailer/data/certi_template.jpg', 'certi_path': 'test_certificates', 'overwrite': False}

[02/05/2021, 17:27:06.827578] create_certificate returned: test_certificates/EPAi2_Gaurav_Patel_Rohan_Shravan.jpg

[02/05/2021, 17:27:06.827956] create_n_mail_certificates returned: True

[02/05/2021, 17:27:06.831272] create_n_mail_certificates - () - {'csv_file_name': 'temp_data.csv', 'course_name': 'EPAi2', 'sign_name': 'Rohan Shravan', 'total_marks': 5000, 'sender_email': 'gaurav4664.test@gmail.com', 'mail_interval': 2, 'certi_path': 'test_certificates', 'overwrite': False, 'create_certi_only': True, 'verbose': False}

[02/05/2021, 17:27:06.832084] create_certificate - () - {'student_name': 'Gaurav Patel', 'course_name': 'EPAi2', 'sign_name': 'Rohan Shravan', 'certi_template': '/home/gp-ubuntu/Desktop/EPAi2/EPAi2-Assignments/capstone/deployment/certificate_mailer/certificate_mailer/data/certi_template.jpg', 'certi_path': 'test_certificates', 'overwrite': False}

[02/05/2021, 17:27:06.874489] create_certificate returned: test_certificates/EPAi2_Gaurav_Patel_Rohan_Shravan.jpg

[02/05/2021, 17:27:06.874896] create_n_mail_certificates returned: True

[02/05/2021, 17:27:06.878811] create_n_mail_certificates - () - {'csv_file_name': 'temp_data.csv', 'course_name': 'EPAi2', 'sign_name': 'Rohan Shravan', 'total_marks': 5000, 'sender_email': 'gaurav4664.test@gmail.com', 'mail_interval': 2, 'certi_path': 'test_certificates', 'overwrite': False, 'create_certi_only': True, 'verbose': False}

[02/05/2021, 17:27:06.879859] create_certificate - () - {'student_name': 'Gaurav Patel', 'course_name': 'EPAi2', 'sign_name': 'Rohan Shravan', 'certi_template': '/home/gp-ubuntu/Desktop/EPAi2/EPAi2-Assignments/capstone/deployment/certificate_mailer/certificate_mailer/data/certi_template.jpg', 'certi_path': 'test_certificates', 'overwrite': False}

[02/05/2021, 17:27:06.925493] create_certificate returned: test_certificates/EPAi2_Gaurav_Patel_Rohan_Shravan.jpg

[02/05/2021, 17:27:06.925911] create_n_mail_certificates returned: True

[02/05/2021, 17:27:06.929974] create_n_mail_certificates - () - {'csv_file_name': 'temp_data.csv', 'course_name': 'EPAi2', 'sign_name': 'Rohan Shravan', 'total_marks': 5000, 'sender_email': 'gaurav4664.test@gmail.com', 'mail_interval': 2, 'certi_path': 'test_certificates', 'overwrite': False, 'create_certi_only': True, 'verbose': False}

[02/05/2021, 17:27:06.930995] create_certificate - () - {'student_name': 'Gaurav Patel', 'course_name': 'EPAi2', 'sign_name': 'Rohan Shravan', 'certi_template': '/home/gp-ubuntu/Desktop/EPAi2/EPAi2-Assignments/capstone/deployment/certificate_mailer/certificate_mailer/data/certi_template.jpg', 'certi_path': 'test_certificates', 'overwrite': False}

[02/05/2021, 17:27:06.983408] create_certificate returned: test_certificates/EPAi2_Gaurav_Patel_Rohan_Shravan.jpg

[02/05/2021, 17:27:06.983884] create_n_mail_certificates returned: True

[02/05/2021, 17:27:06.987915] create_n_mail_certificates - () - {'csv_file_name': 'temp_data.csv', 'course_name': 'EPAi2', 'sign_name': 'Rohan Shravan', 'total_marks': 5000, 'sender_email': 'gaurav4664.test@gmail.com', 'mail_interval': 2, 'certi_path': 'test_certificates', 'overwrite': False, 'create_certi_only': True, 'verbose': False}

[02/05/2021, 17:27:06.988937] create_certificate - () - {'student_name': 'Gaurav Patel', 'course_name': 'EPAi2', 'sign_name': 'Rohan Shravan', 'certi_template': '/home/gp-ubuntu/Desktop/EPAi2/EPAi2-Assignments/capstone/deployment/certificate_mailer/certificate_mailer/data/certi_template.jpg', 'certi_path': 'test_certificates', 'overwrite': False}

[02/05/2021, 17:27:07.032797] create_certificate returned: test_certificates/EPAi2_Gaurav_Patel_Rohan_Shravan.jpg

[02/05/2021, 17:27:07.033176] create_n_mail_certificates returned: True

[02/05/2021, 17:27:07.036981] create_n_mail_certificates - () - {'csv_file_name': 'temp_data.csv', 'course_name': 'EPAi2', 'sign_name': 'Rohan Shravan', 'total_marks': 5000, 'sender_email': 'gaurav4664.test@gmail.com', 'mail_interval': 2, 'certi_path': 'test_certificates', 'overwrite': False, 'create_certi_only': True, 'verbose': False}

[02/05/2021, 17:27:07.037977] create_certificate - () - {'student_name': 'Gaurav Patel', 'course_name': 'EPAi2', 'sign_name': 'Rohan Shravan', 'certi_template': '/home/gp-ubuntu/Desktop/EPAi2/EPAi2-Assignments/capstone/deployment/certificate_mailer/certificate_mailer/data/certi_template.jpg', 'certi_path': 'test_certificates', 'overwrite': False}

[02/05/2021, 17:27:07.092238] create_certificate returned: test_certificates/EPAi2_Gaurav_Patel_Rohan_Shravan.jpg

[02/05/2021, 17:27:07.092773] create_n_mail_certificates returned: True

[02/05/2021, 17:27:07.096301] create_n_mail_certificates - () - {'csv_file_name': 'test_data.csv', 'course_name': 'EPAi2', 'sign_name': 'Rohan Shravan', 'total_marks': 5000, 'sender_email': 'gaurav4664.test@gmail', 'mail_interval': 2, 'certi_path': 'test_certificates', 'overwrite': False, 'create_certi_only': True, 'verbose': False}

[02/05/2021, 17:27:07.096741] create_n_mail_certificates returned: False

[02/05/2021, 17:27:07.099603] create_n_mail_certificates - () - {'csv_file_name': 'test_data.csv', 'course_name': 'EPAi2', 'sign_name': 'Rohan Shravan', 'total_marks': 5000, 'sender_email': 'gaurav4664.test', 'mail_interval': 2, 'certi_path': 'test_certificates', 'overwrite': False, 'create_certi_only': True, 'verbose': False}

[02/05/2021, 17:27:07.099878] create_n_mail_certificates returned: False

[02/05/2021, 17:27:07.103194] create_n_mail_certificates - () - {'csv_file_name': 'test_data.csv', 'course_name': 'EPAi2', 'sign_name': 'Rohan Shravan', 'total_marks': 5000, 'sender_email': 'gaurav4664.test@yahoo.com', 'mail_interval': 2, 'certi_path': 'test_certificates', 'overwrite': False, 'create_certi_only': True, 'verbose': False}

[02/05/2021, 17:27:07.103518] create_n_mail_certificates returned: False

[02/05/2021, 17:27:07.106816] create_n_mail_certificates - () - {'csv_file_name': 'test_data.csv', 'course_name': 'EPAi2', 'sign_name': 'Rohan@Shravan', 'total_marks': 5000, 'sender_email': 'gaurav4664.test@gmail.com', 'mail_interval': 2, 'certi_path': 'test_certificates', 'overwrite': False, 'create_certi_only': True, 'verbose': False}

[02/05/2021, 17:27:07.107181] create_n_mail_certificates returned: False

[02/05/2021, 17:27:07.110556] create_n_mail_certificates - () - {'csv_file_name': 'test_data.csv', 'course_name': 'EPAi2', 'sign_name': 'Rohan@Shravan', 'total_marks': 5000, 'sender_email': 'gaurav4664.test@gmail.com', 'mail_interval': 2, 'certi_path': 'test_certificates', 'overwrite': False, 'create_certi_only': True, 'verbose': False}

[02/05/2021, 17:27:07.111096] create_n_mail_certificates returned: False

[02/05/2021, 17:27:07.114196] create_n_mail_certificates - () - {'csv_file_name': 'test_data.csv', 'course_name': 'EPAi2', 'sign_name': 'Rohan@Shravan', 'total_marks': 0.0, 'sender_email': 'gaurav4664.test@gmail.com', 'mail_interval': 2, 'certi_path': 'test_certificates', 'overwrite': False, 'create_certi_only': True, 'verbose': False}

[02/05/2021, 17:27:07.114546] create_n_mail_certificates returned: False

[02/05/2021, 17:27:07.117835] create_n_mail_certificates - () - {'csv_file_name': 'test_data.csv', 'course_name': 'EPAi2', 'sign_name': 'Rohan@Shravan', 'total_marks': -5000, 'sender_email': 'gaurav4664.test@gmail.com', 'mail_interval': 2, 'certi_path': 'test_certificates', 'overwrite': False, 'create_certi_only': True, 'verbose': False}

[02/05/2021, 17:27:07.118361] create_n_mail_certificates returned: False

[02/05/2021, 17:32:34.564716] create_n_mail_certificates - () - {'csv_file_name': '.data/test_data_no_header.csv', 'course_name': 'EPAi2', 'sign_name': 'Rohan Shravan', 'total_marks': 5000, 'sender_email': 'gaurav4664.test@gmail.com', 'mail_interval': 2, 'certi_path': './certificates', 'overwrite': False, 'create_certi_only': False, 'verbose': False}

[02/05/2021, 17:32:34.565813] create_n_mail_certificates returned: False

[02/05/2021, 17:32:34.568086] create_n_mail_certificates - () - {'csv_file_name': '.data/test_data_invalid_header.csv', 'course_name': 'EPAi2', 'sign_name': 'Rohan Shravan', 'total_marks': 5000, 'sender_email': 'gaurav4664.test@gmail.com', 'mail_interval': 2, 'certi_path': './certificates', 'overwrite': False, 'create_certi_only': False, 'verbose': False}

[02/05/2021, 17:32:34.568394] create_n_mail_certificates returned: False

[02/05/2021, 17:32:34.570621] create_n_mail_certificates - () - {'csv_file_name': '.data/test_data_empty.csv', 'course_name': 'EPAi2', 'sign_name': 'Rohan Shravan', 'total_marks': 5000, 'sender_email': 'gaurav4664.test@gmail.com', 'mail_interval': 2, 'certi_path': './certificates', 'overwrite': False, 'create_certi_only': False, 'verbose': False}

[02/05/2021, 17:32:34.570931] create_n_mail_certificates returned: False

[02/05/2021, 17:32:34.573331] create_n_mail_certificates - () - {'csv_file_name': '.data/test_data_invalid_data.csv', 'course_name': 'EPAi2', 'sign_name': 'Rohan Shravan', 'total_marks': 5000, 'sender_email': 'gaurav4664.test@gmail.com', 'mail_interval': 2, 'certi_path': './certificates', 'overwrite': False, 'create_certi_only': False, 'verbose': False}

[02/05/2021, 17:32:34.573814] create_n_mail_certificates returned: False

[02/05/2021, 17:32:34.628343] create_n_mail_certificates - () - {'csv_file_name': 'large_data.csv', 'course_name': 'EPAi2', 'sign_name': 'Rohan Shravan', 'total_marks': 5000, 'sender_email': 'gaurav4664.test@gmail.com', 'mail_interval': 2, 'certi_path': 'test_certificates', 'overwrite': True, 'create_certi_only': True, 'verbose': False}

[02/05/2021, 17:32:34.629154] create_certificate - () - {'student_name': 'Theresa Rangelvoiwi', 'course_name': 'EPAi2', 'sign_name': 'Rohan Shravan', 'certi_template': '/home/gp-ubuntu/Desktop/EPAi2/EPAi2-Assignments/capstone/deployment/certificate_mailer/certificate_mailer/data/certi_template.jpg', 'certi_path': 'test_certificates', 'overwrite': True}

[02/05/2021, 17:32:34.665127] create_certificate returned: test_certificates/EPAi2_Theresa_Rangelvoiwi_Rohan_Shravan.jpg

[02/05/2021, 17:32:34.665496] create_certificate - () - {'student_name': 'Christopher Robertsonxmcni', 'course_name': 'EPAi2', 'sign_name': 'Rohan Shravan', 'certi_template': '/home/gp-ubuntu/Desktop/EPAi2/EPAi2-Assignments/capstone/deployment/certificate_mailer/certificate_mailer/data/certi_template.jpg', 'certi_path': 'test_certificates', 'overwrite': True}

[02/05/2021, 17:32:34.706703] create_certificate returned: test_certificates/EPAi2_Christopher_Robertsonxmcni_Rohan_Shravan.jpg

[02/05/2021, 17:32:34.707134] create_certificate - () - {'student_name': 'Whitney Torressfpoi', 'course_name': 'EPAi2', 'sign_name': 'Rohan Shravan', 'certi_template': '/home/gp-ubuntu/Desktop/EPAi2/EPAi2-Assignments/capstone/deployment/certificate_mailer/certificate_mailer/data/certi_template.jpg', 'certi_path': 'test_certificates', 'overwrite': True}

[02/05/2021, 17:32:34.749616] create_certificate returned: test_certificates/EPAi2_Whitney_Torressfpoi_Rohan_Shravan.jpg

[02/05/2021, 17:32:34.750033] create_certificate - () - {'student_name': 'Brittany Whiteteyfa', 'course_name': 'EPAi2', 'sign_name': 'Rohan Shravan', 'certi_template': '/home/gp-ubuntu/Desktop/EPAi2/EPAi2-Assignments/capstone/deployment/certificate_mailer/certificate_mailer/data/certi_template.jpg', 'certi_path': 'test_certificates', 'overwrite': True}

[02/05/2021, 17:32:34.792242] create_certificate returned: test_certificates/EPAi2_Brittany_Whiteteyfa_Rohan_Shravan.jpg

[02/05/2021, 17:32:34.792643] create_certificate - () - {'student_name': 'Richard Reesedzefq', 'course_name': 'EPAi2', 'sign_name': 'Rohan Shravan', 'certi_template': '/home/gp-ubuntu/Desktop/EPAi2/EPAi2-Assignments/capstone/deployment/certificate_mailer/certificate_mailer/data/certi_template.jpg', 'certi_path': 'test_certificates', 'overwrite': True}

[02/05/2021, 17:32:34.831087] create_certificate returned: test_certificates/EPAi2_Richard_Reesedzefq_Rohan_Shravan.jpg

[02/05/2021, 17:32:34.831473] create_certificate - () - {'student_name': 'Brianna Andradebtqoh', 'course_name': 'EPAi2', 'sign_name': 'Rohan Shravan', 'certi_template': '/home/gp-ubuntu/Desktop/EPAi2/EPAi2-Assignments/capstone/deployment/certificate_mailer/certificate_mailer/data/certi_template.jpg', 'certi_path': 'test_certificates', 'overwrite': True}

[02/05/2021, 17:32:34.871230] create_certificate returned: test_certificates/EPAi2_Brianna_Andradebtqoh_Rohan_Shravan.jpg

[02/05/2021, 17:32:34.871641] create_certificate - () - {'student_name': 'Steven Elliottjouxh', 'course_name': 'EPAi2', 'sign_name': 'Rohan Shravan', 'certi_template': '/home/gp-ubuntu/Desktop/EPAi2/EPAi2-Assignments/capstone/deployment/certificate_mailer/certificate_mailer/data/certi_template.jpg', 'certi_path': 'test_certificates', 'overwrite': True}

[02/05/2021, 17:32:34.915693] create_certificate returned: test_certificates/EPAi2_Steven_Elliottjouxh_Rohan_Shravan.jpg

[02/05/2021, 17:32:34.916112] create_certificate - () - {'student_name': 'Tammy Mirandadfwrz', 'course_name': 'EPAi2', 'sign_name': 'Rohan Shravan', 'certi_template': '/home/gp-ubuntu/Desktop/EPAi2/EPAi2-Assignments/capstone/deployment/certificate_mailer/certificate_mailer/data/certi_template.jpg', 'certi_path': 'test_certificates', 'overwrite': True}

[02/05/2021, 17:32:34.959745] create_certificate returned: test_certificates/EPAi2_Tammy_Mirandadfwrz_Rohan_Shravan.jpg

[02/05/2021, 17:32:34.960155] create_certificate - () - {'student_name': 'Pamela Florestxzcw', 'course_name': 'EPAi2', 'sign_name': 'Rohan Shravan', 'certi_template': '/home/gp-ubuntu/Desktop/EPAi2/EPAi2-Assignments/capstone/deployment/certificate_mailer/certificate_mailer/data/certi_template.jpg', 'certi_path': 'test_certificates', 'overwrite': True}

[02/05/2021, 17:32:35.005493] create_certificate returned: test_certificates/EPAi2_Pamela_Florestxzcw_Rohan_Shravan.jpg

[02/05/2021, 17:32:35.005916] create_certificate - () - {'student_name': 'Kristen Smithmbocf', 'course_name': 'EPAi2', 'sign_name': 'Rohan Shravan', 'certi_template': '/home/gp-ubuntu/Desktop/EPAi2/EPAi2-Assignments/capstone/deployment/certificate_mailer/certificate_mailer/data/certi_template.jpg', 'certi_path': 'test_certificates', 'overwrite': True}

[02/05/2021, 17:32:35.050689] create_certificate returned: test_certificates/EPAi2_Kristen_Smithmbocf_Rohan_Shravan.jpg

[02/05/2021, 17:32:35.050958] create_n_mail_certificates returned: True

[02/05/2021, 17:32:35.055637] create_n_mail_certificates - () - {'csv_file_name': 'temp_data.csv', 'course_name': 'EPAi2', 'sign_name': 'Rohan Shravan', 'total_marks': 5000, 'sender_email': 'gaurav4664.test@gmail.com', 'mail_interval': 2, 'certi_path': 'test_certificates', 'overwrite': False, 'create_certi_only': True, 'verbose': False}

[02/05/2021, 17:32:35.056554] create_certificate - () - {'student_name': 'Gaurav Patel', 'course_name': 'EPAi2', 'sign_name': 'Rohan Shravan', 'certi_template': '/home/gp-ubuntu/Desktop/EPAi2/EPAi2-Assignments/capstone/deployment/certificate_mailer/certificate_mailer/data/certi_template.jpg', 'certi_path': 'test_certificates', 'overwrite': False}

[02/05/2021, 17:32:35.099291] create_certificate returned: test_certificates/EPAi2_Gaurav_Patel_Rohan_Shravan.jpg

[02/05/2021, 17:32:35.099736] create_n_mail_certificates returned: True

[02/05/2021, 17:32:35.103451] create_n_mail_certificates - () - {'csv_file_name': 'temp_data.csv', 'course_name': 'EPAi2', 'sign_name': 'Rohan Shravan', 'total_marks': 5000, 'sender_email': 'gaurav4664.test@gmail.com', 'mail_interval': 2, 'certi_path': 'test_certificates', 'overwrite': False, 'create_certi_only': True, 'verbose': False}

[02/05/2021, 17:32:35.104450] create_certificate - () - {'student_name': 'Gaurav Patel', 'course_name': 'EPAi2', 'sign_name': 'Rohan Shravan', 'certi_template': '/home/gp-ubuntu/Desktop/EPAi2/EPAi2-Assignments/capstone/deployment/certificate_mailer/certificate_mailer/data/certi_template.jpg', 'certi_path': 'test_certificates', 'overwrite': False}

[02/05/2021, 17:32:35.141886] create_certificate returned: test_certificates/EPAi2_Gaurav_Patel_Rohan_Shravan.jpg

[02/05/2021, 17:32:35.142459] create_n_mail_certificates returned: True

[02/05/2021, 17:32:35.146338] create_n_mail_certificates - () - {'csv_file_name': 'temp_data.csv', 'course_name': 'EPAi2', 'sign_name': 'Rohan Shravan', 'total_marks': 5000, 'sender_email': 'gaurav4664.test@gmail.com', 'mail_interval': 2, 'certi_path': 'test_certificates', 'overwrite': False, 'create_certi_only': True, 'verbose': False}

[02/05/2021, 17:32:35.147198] create_certificate - () - {'student_name': 'Gaurav Patel', 'course_name': 'EPAi2', 'sign_name': 'Rohan Shravan', 'certi_template': '/home/gp-ubuntu/Desktop/EPAi2/EPAi2-Assignments/capstone/deployment/certificate_mailer/certificate_mailer/data/certi_template.jpg', 'certi_path': 'test_certificates', 'overwrite': False}

[02/05/2021, 17:32:35.182764] create_certificate returned: test_certificates/EPAi2_Gaurav_Patel_Rohan_Shravan.jpg

[02/05/2021, 17:32:35.183179] create_n_mail_certificates returned: True

[02/05/2021, 17:32:35.187886] create_n_mail_certificates - () - {'csv_file_name': 'temp_data.csv', 'course_name': 'EPAi2', 'sign_name': 'Rohan Shravan', 'total_marks': 5000, 'sender_email': 'gaurav4664.test@gmail.com', 'mail_interval': 2, 'certi_path': 'test_certificates', 'overwrite': False, 'create_certi_only': True, 'verbose': False}

[02/05/2021, 17:32:35.189583] create_certificate - () - {'student_name': 'Gaurav Patel', 'course_name': 'EPAi2', 'sign_name': 'Rohan Shravan', 'certi_template': '/home/gp-ubuntu/Desktop/EPAi2/EPAi2-Assignments/capstone/deployment/certificate_mailer/certificate_mailer/data/certi_template.jpg', 'certi_path': 'test_certificates', 'overwrite': False}

[02/05/2021, 17:32:35.230172] create_certificate returned: test_certificates/EPAi2_Gaurav_Patel_Rohan_Shravan.jpg

[02/05/2021, 17:32:35.230561] create_n_mail_certificates returned: True

[02/05/2021, 17:32:35.234139] create_n_mail_certificates - () - {'csv_file_name': 'temp_data.csv', 'course_name': 'EPAi2', 'sign_name': 'Rohan Shravan', 'total_marks': 5000, 'sender_email': 'gaurav4664.test@gmail.com', 'mail_interval': 2, 'certi_path': 'test_certificates', 'overwrite': False, 'create_certi_only': True, 'verbose': False}

[02/05/2021, 17:32:35.235009] create_certificate - () - {'student_name': 'Gaurav Patel', 'course_name': 'EPAi2', 'sign_name': 'Rohan Shravan', 'certi_template': '/home/gp-ubuntu/Desktop/EPAi2/EPAi2-Assignments/capstone/deployment/certificate_mailer/certificate_mailer/data/certi_template.jpg', 'certi_path': 'test_certificates', 'overwrite': False}

[02/05/2021, 17:32:35.273546] create_certificate returned: test_certificates/EPAi2_Gaurav_Patel_Rohan_Shravan.jpg

[02/05/2021, 17:32:35.273903] create_n_mail_certificates returned: True

[02/05/2021, 17:32:35.277525] create_n_mail_certificates - () - {'csv_file_name': 'temp_data.csv', 'course_name': 'EPAi2', 'sign_name': 'Rohan Shravan', 'total_marks': 5000, 'sender_email': 'gaurav4664.test@gmail.com', 'mail_interval': 2, 'certi_path': 'test_certificates', 'overwrite': False, 'create_certi_only': True, 'verbose': False}

[02/05/2021, 17:32:35.278373] create_certificate - () - {'student_name': 'Gaurav Patel', 'course_name': 'EPAi2', 'sign_name': 'Rohan Shravan', 'certi_template': '/home/gp-ubuntu/Desktop/EPAi2/EPAi2-Assignments/capstone/deployment/certificate_mailer/certificate_mailer/data/certi_template.jpg', 'certi_path': 'test_certificates', 'overwrite': False}

[02/05/2021, 17:32:35.315060] create_certificate returned: test_certificates/EPAi2_Gaurav_Patel_Rohan_Shravan.jpg

[02/05/2021, 17:32:35.315436] create_n_mail_certificates returned: True

[02/05/2021, 17:32:35.318115] create_n_mail_certificates - () - {'csv_file_name': 'test_data.csv', 'course_name': 'EPAi2', 'sign_name': 'Rohan Shravan', 'total_marks': 5000, 'sender_email': 'gaurav4664.test@gmail', 'mail_interval': 2, 'certi_path': 'test_certificates', 'overwrite': False, 'create_certi_only': True, 'verbose': False}

[02/05/2021, 17:32:35.318366] create_n_mail_certificates returned: False

[02/05/2021, 17:32:35.320616] create_n_mail_certificates - () - {'csv_file_name': 'test_data.csv', 'course_name': 'EPAi2', 'sign_name': 'Rohan Shravan', 'total_marks': 5000, 'sender_email': 'gaurav4664.test', 'mail_interval': 2, 'certi_path': 'test_certificates', 'overwrite': False, 'create_certi_only': True, 'verbose': False}

[02/05/2021, 17:32:35.320867] create_n_mail_certificates returned: False

[02/05/2021, 17:32:35.323475] create_n_mail_certificates - () - {'csv_file_name': 'test_data.csv', 'course_name': 'EPAi2', 'sign_name': 'Rohan Shravan', 'total_marks': 5000, 'sender_email': 'gaurav4664.test@yahoo.com', 'mail_interval': 2, 'certi_path': 'test_certificates', 'overwrite': False, 'create_certi_only': True, 'verbose': False}

[02/05/2021, 17:32:35.323754] create_n_mail_certificates returned: False

[02/05/2021, 17:32:35.326333] create_n_mail_certificates - () - {'csv_file_name': 'test_data.csv', 'course_name': 'EPAi2', 'sign_name': 'Rohan@Shravan', 'total_marks': 5000, 'sender_email': 'gaurav4664.test@gmail.com', 'mail_interval': 2, 'certi_path': 'test_certificates', 'overwrite': False, 'create_certi_only': True, 'verbose': False}

[02/05/2021, 17:32:35.326611] create_n_mail_certificates returned: False

[02/05/2021, 17:32:35.329283] create_n_mail_certificates - () - {'csv_file_name': 'test_data.csv', 'course_name': 'EPAi2', 'sign_name': 'Rohan@Shravan', 'total_marks': 5000, 'sender_email': 'gaurav4664.test@gmail.com', 'mail_interval': 2, 'certi_path': 'test_certificates', 'overwrite': False, 'create_certi_only': True, 'verbose': False}

[02/05/2021, 17:32:35.329561] create_n_mail_certificates returned: False

[02/05/2021, 17:32:35.332129] create_n_mail_certificates - () - {'csv_file_name': 'test_data.csv', 'course_name': 'EPAi2', 'sign_name': 'Rohan@Shravan', 'total_marks': 0.0, 'sender_email': 'gaurav4664.test@gmail.com', 'mail_interval': 2, 'certi_path': 'test_certificates', 'overwrite': False, 'create_certi_only': True, 'verbose': False}

[02/05/2021, 17:32:35.332440] create_n_mail_certificates returned: False

[02/05/2021, 17:32:35.335355] create_n_mail_certificates - () - {'csv_file_name': 'test_data.csv', 'course_name': 'EPAi2', 'sign_name': 'Rohan@Shravan', 'total_marks': -5000, 'sender_email': 'gaurav4664.test@gmail.com', 'mail_interval': 2, 'certi_path': 'test_certificates', 'overwrite': False, 'create_certi_only': True, 'verbose': False}

[02/05/2021, 17:32:35.336067] create_n_mail_certificates returned: False

[02/05/2021, 18:04:49.372863] create_n_mail_certificates - () - {'csv_file_name': '.data/test_data_no_header.csv', 'course_name': 'EPAi2', 'sign_name': 'Rohan Shravan', 'total_marks': 5000, 'sender_email': 'gaurav4664.test@gmail.com', 'mail_interval': 2, 'certi_path': './certificates', 'overwrite': False, 'create_certi_only': False, 'verbose': False}

[02/05/2021, 18:04:49.373956] create_n_mail_certificates returned: False

[02/05/2021, 18:04:49.376146] create_n_mail_certificates - () - {'csv_file_name': '.data/test_data_invalid_header.csv', 'course_name': 'EPAi2', 'sign_name': 'Rohan Shravan', 'total_marks': 5000, 'sender_email': 'gaurav4664.test@gmail.com', 'mail_interval': 2, 'certi_path': './certificates', 'overwrite': False, 'create_certi_only': False, 'verbose': False}

[02/05/2021, 18:04:49.376442] create_n_mail_certificates returned: False

[02/05/2021, 18:04:49.378801] create_n_mail_certificates - () - {'csv_file_name': '.data/test_data_empty.csv', 'course_name': 'EPAi2', 'sign_name': 'Rohan Shravan', 'total_marks': 5000, 'sender_email': 'gaurav4664.test@gmail.com', 'mail_interval': 2, 'certi_path': './certificates', 'overwrite': False, 'create_certi_only': False, 'verbose': False}

[02/05/2021, 18:04:49.379111] create_n_mail_certificates returned: False

[02/05/2021, 18:04:49.381662] create_n_mail_certificates - () - {'csv_file_name': '.data/test_data_invalid_data.csv', 'course_name': 'EPAi2', 'sign_name': 'Rohan Shravan', 'total_marks': 5000, 'sender_email': 'gaurav4664.test@gmail.com', 'mail_interval': 2, 'certi_path': './certificates', 'overwrite': False, 'create_certi_only': False, 'verbose': False}

[02/05/2021, 18:04:49.382027] create_n_mail_certificates returned: False

[02/05/2021, 18:04:49.385783] create_n_mail_certificates - () - {'csv_file_name': 'temp_data.csv', 'course_name': 'EPAi2', 'sign_name': 'Rohan Shravan', 'total_marks': 5000, 'sender_email': 'gaurav4664.test@gmail.com', 'mail_interval': 2, 'certi_path': 'test_certificates', 'overwrite': False, 'create_certi_only': True, 'verbose': False}

[02/05/2021, 18:04:49.386822] create_certificate - () - {'student_name': 'Gaurav Patel', 'course_name': 'EPAi2', 'sign_name': 'Rohan Shravan', 'certi_template': '/home/gp-ubuntu/Desktop/EPAi2/EPAi2-Assignments/capstone/deployment/certificate_mailer/certificate_mailer/data/certi_template.jpg', 'certi_path': 'test_certificates', 'overwrite': False}

[02/05/2021, 18:04:49.426389] create_certificate returned: test_certificates/EPAi2_Gaurav_Patel_Rohan_Shravan.jpg

[02/05/2021, 18:04:49.426637] create_n_mail_certificates returned: True

[02/05/2021, 18:04:49.554693] create_n_mail_certificates - () - {'csv_file_name': 'large_data.csv', 'course_name': 'EPAi2', 'sign_name': 'Rohan Shravan', 'total_marks': 5000, 'sender_email': 'gaurav4664.test@gmail.com', 'mail_interval': 2, 'certi_path': 'test_certificates', 'overwrite': True, 'create_certi_only': True, 'verbose': False}

[02/05/2021, 18:04:49.557681] create_certificate - () - {'student_name': 'Krystal Alvaradotmrbu', 'course_name': 'EPAi2', 'sign_name': 'Rohan Shravan', 'certi_template': '/home/gp-ubuntu/Desktop/EPAi2/EPAi2-Assignments/capstone/deployment/certificate_mailer/certificate_mailer/data/certi_template.jpg', 'certi_path': 'test_certificates', 'overwrite': True}

[02/05/2021, 18:04:49.613205] create_certificate returned: test_certificates/EPAi2_Krystal_Alvaradotmrbu_Rohan_Shravan.jpg

[02/05/2021, 18:04:49.613723] create_certificate - () - {'student_name': 'George Christensendcdmr', 'course_name': 'EPAi2', 'sign_name': 'Rohan Shravan', 'certi_template': '/home/gp-ubuntu/Desktop/EPAi2/EPAi2-Assignments/capstone/deployment/certificate_mailer/certificate_mailer/data/certi_template.jpg', 'certi_path': 'test_certificates', 'overwrite': True}

[02/05/2021, 18:04:49.648447] create_certificate returned: test_certificates/EPAi2_George_Christensendcdmr_Rohan_Shravan.jpg

[02/05/2021, 18:04:49.648835] create_certificate - () - {'student_name': 'Nicole Lewisqwokr', 'course_name': 'EPAi2', 'sign_name': 'Rohan Shravan', 'certi_template': '/home/gp-ubuntu/Desktop/EPAi2/EPAi2-Assignments/capstone/deployment/certificate_mailer/certificate_mailer/data/certi_template.jpg', 'certi_path': 'test_certificates', 'overwrite': True}

[02/05/2021, 18:04:49.689312] create_certificate returned: test_certificates/EPAi2_Nicole_Lewisqwokr_Rohan_Shravan.jpg

[02/05/2021, 18:04:49.689699] create_certificate - () - {'student_name': 'Clinton Gilesihnoi', 'course_name': 'EPAi2', 'sign_name': 'Rohan Shravan', 'certi_template': '/home/gp-ubuntu/Desktop/EPAi2/EPAi2-Assignments/capstone/deployment/certificate_mailer/certificate_mailer/data/certi_template.jpg', 'certi_path': 'test_certificates', 'overwrite': True}

[02/05/2021, 18:04:49.725434] create_certificate returned: test_certificates/EPAi2_Clinton_Gilesihnoi_Rohan_Shravan.jpg

[02/05/2021, 18:04:49.725782] create_certificate - () - {'student_name': 'Louis Johnsonaeiss', 'course_name': 'EPAi2', 'sign_name': 'Rohan Shravan', 'certi_template': '/home/gp-ubuntu/Desktop/EPAi2/EPAi2-Assignments/capstone/deployment/certificate_mailer/certificate_mailer/data/certi_template.jpg', 'certi_path': 'test_certificates', 'overwrite': True}

[02/05/2021, 18:04:49.761010] create_certificate returned: test_certificates/EPAi2_Louis_Johnsonaeiss_Rohan_Shravan.jpg

[02/05/2021, 18:04:49.761355] create_certificate - () - {'student_name': 'Mary Martin Mdkpvic', 'course_name': 'EPAi2', 'sign_name': 'Rohan Shravan', 'certi_template': '/home/gp-ubuntu/Desktop/EPAi2/EPAi2-Assignments/capstone/deployment/certificate_mailer/certificate_mailer/data/certi_template.jpg', 'certi_path': 'test_certificates', 'overwrite': True}

[02/05/2021, 18:04:49.797392] create_certificate returned: test_certificates/EPAi2_Mary_Martin_Mdkpvic_Rohan_Shravan.jpg

[02/05/2021, 18:04:49.797824] create_certificate - () - {'student_name': 'Emma Westxgkdl', 'course_name': 'EPAi2', 'sign_name': 'Rohan Shravan', 'certi_template': '/home/gp-ubuntu/Desktop/EPAi2/EPAi2-Assignments/capstone/deployment/certificate_mailer/certificate_mailer/data/certi_template.jpg', 'certi_path': 'test_certificates', 'overwrite': True}

[02/05/2021, 18:04:49.850813] create_certificate returned: test_certificates/EPAi2_Emma_Westxgkdl_Rohan_Shravan.jpg

[02/05/2021, 18:04:49.851319] create_certificate - () - {'student_name': 'Donna Martinezhxczj', 'course_name': 'EPAi2', 'sign_name': 'Rohan Shravan', 'certi_template': '/home/gp-ubuntu/Desktop/EPAi2/EPAi2-Assignments/capstone/deployment/certificate_mailer/certificate_mailer/data/certi_template.jpg', 'certi_path': 'test_certificates', 'overwrite': True}

[02/05/2021, 18:04:49.902028] create_certificate returned: test_certificates/EPAi2_Donna_Martinezhxczj_Rohan_Shravan.jpg

[02/05/2021, 18:04:49.902649] create_certificate - () - {'student_name': 'Brandon Mcfarlandeolsf', 'course_name': 'EPAi2', 'sign_name': 'Rohan Shravan', 'certi_template': '/home/gp-ubuntu/Desktop/EPAi2/EPAi2-Assignments/capstone/deployment/certificate_mailer/certificate_mailer/data/certi_template.jpg', 'certi_path': 'test_certificates', 'overwrite': True}

[02/05/2021, 18:04:49.952474] create_certificate returned: test_certificates/EPAi2_Brandon_Mcfarlandeolsf_Rohan_Shravan.jpg

[02/05/2021, 18:04:49.953073] create_certificate - () - {'student_name': 'Sean Limhbcj', 'course_name': 'EPAi2', 'sign_name': 'Rohan Shravan', 'certi_template': '/home/gp-ubuntu/Desktop/EPAi2/EPAi2-Assignments/capstone/deployment/certificate_mailer/certificate_mailer/data/certi_template.jpg', 'certi_path': 'test_certificates', 'overwrite': True}

[02/05/2021, 18:04:49.998265] create_certificate returned: test_certificates/EPAi2_Sean_Limhbcj_Rohan_Shravan.jpg

[02/05/2021, 18:04:49.998533] create_n_mail_certificates returned: True

[02/05/2021, 18:04:50.003973] create_n_mail_certificates - () - {'csv_file_name': 'temp_data.csv', 'course_name': 'EPAi2', 'sign_name': 'Rohan Shravan', 'total_marks': 5000, 'sender_email': 'gaurav4664.test@gmail.com', 'mail_interval': 2, 'certi_path': 'test_certificates', 'overwrite': False, 'create_certi_only': True, 'verbose': False}

[02/05/2021, 18:04:50.005078] create_certificate - () - {'student_name': 'Gaurav Patel', 'course_name': 'EPAi2', 'sign_name': 'Rohan Shravan', 'certi_template': '/home/gp-ubuntu/Desktop/EPAi2/EPAi2-Assignments/capstone/deployment/certificate_mailer/certificate_mailer/data/certi_template.jpg', 'certi_path': 'test_certificates', 'overwrite': False}

[02/05/2021, 18:04:50.046204] create_certificate returned: test_certificates/EPAi2_Gaurav_Patel_Rohan_Shravan.jpg

[02/05/2021, 18:04:50.046578] create_n_mail_certificates returned: True

[02/05/2021, 18:04:50.049489] create_n_mail_certificates - () - {'csv_file_name': 'temp_data.csv', 'course_name': 'EPAi2', 'sign_name': 'Rohan Shravan', 'total_marks': 5000, 'sender_email': 'gaurav4664.test@gmail.com', 'mail_interval': 2, 'certi_path': 'test_certificates', 'overwrite': False, 'create_certi_only': True, 'verbose': False}

[02/05/2021, 18:04:50.050348] create_certificate - () - {'student_name': 'Gaurav Patel', 'course_name': 'EPAi2', 'sign_name': 'Rohan Shravan', 'certi_template': '/home/gp-ubuntu/Desktop/EPAi2/EPAi2-Assignments/capstone/deployment/certificate_mailer/certificate_mailer/data/certi_template.jpg', 'certi_path': 'test_certificates', 'overwrite': False}

[02/05/2021, 18:04:50.097194] create_certificate returned: test_certificates/EPAi2_Gaurav_Patel_Rohan_Shravan.jpg

[02/05/2021, 18:04:50.097720] create_n_mail_certificates returned: True

[02/05/2021, 18:04:50.101740] create_n_mail_certificates - () - {'csv_file_name': 'temp_data.csv', 'course_name': 'EPAi2', 'sign_name': 'Rohan Shravan', 'total_marks': 5000, 'sender_email': 'gaurav4664.test@gmail.com', 'mail_interval': 2, 'certi_path': 'test_certificates', 'overwrite': False, 'create_certi_only': True, 'verbose': False}

[02/05/2021, 18:04:50.102781] create_certificate - () - {'student_name': 'Gaurav Patel', 'course_name': 'EPAi2', 'sign_name': 'Rohan Shravan', 'certi_template': '/home/gp-ubuntu/Desktop/EPAi2/EPAi2-Assignments/capstone/deployment/certificate_mailer/certificate_mailer/data/certi_template.jpg', 'certi_path': 'test_certificates', 'overwrite': False}

[02/05/2021, 18:04:50.145185] create_certificate returned: test_certificates/EPAi2_Gaurav_Patel_Rohan_Shravan.jpg

[02/05/2021, 18:04:50.145610] create_n_mail_certificates returned: True

[02/05/2021, 18:04:50.149229] create_n_mail_certificates - () - {'csv_file_name': 'temp_data.csv', 'course_name': 'EPAi2', 'sign_name': 'Rohan Shravan', 'total_marks': 5000, 'sender_email': 'gaurav4664.test@gmail.com', 'mail_interval': 2, 'certi_path': 'test_certificates', 'overwrite': False, 'create_certi_only': True, 'verbose': False}

[02/05/2021, 18:04:50.150282] create_certificate - () - {'student_name': 'Gaurav Patel', 'course_name': 'EPAi2', 'sign_name': 'Rohan Shravan', 'certi_template': '/home/gp-ubuntu/Desktop/EPAi2/EPAi2-Assignments/capstone/deployment/certificate_mailer/certificate_mailer/data/certi_template.jpg', 'certi_path': 'test_certificates', 'overwrite': False}

[02/05/2021, 18:04:50.192381] create_certificate returned: test_certificates/EPAi2_Gaurav_Patel_Rohan_Shravan.jpg

[02/05/2021, 18:04:50.192761] create_n_mail_certificates returned: True

[02/05/2021, 18:04:50.196175] create_n_mail_certificates - () - {'csv_file_name': 'temp_data.csv', 'course_name': 'EPAi2', 'sign_name': 'Rohan Shravan', 'total_marks': 5000, 'sender_email': 'gaurav4664.test@gmail.com', 'mail_interval': 2, 'certi_path': 'test_certificates', 'overwrite': False, 'create_certi_only': True, 'verbose': False}

[02/05/2021, 18:04:50.197443] create_certificate - () - {'student_name': 'Gaurav Patel', 'course_name': 'EPAi2', 'sign_name': 'Rohan Shravan', 'certi_template': '/home/gp-ubuntu/Desktop/EPAi2/EPAi2-Assignments/capstone/deployment/certificate_mailer/certificate_mailer/data/certi_template.jpg', 'certi_path': 'test_certificates', 'overwrite': False}

[02/05/2021, 18:04:50.232965] create_certificate returned: test_certificates/EPAi2_Gaurav_Patel_Rohan_Shravan.jpg

[02/05/2021, 18:04:50.233391] create_n_mail_certificates returned: True

[02/05/2021, 18:04:50.236561] create_n_mail_certificates - () - {'csv_file_name': 'temp_data.csv', 'course_name': 'EPAi2', 'sign_name': 'Rohan Shravan', 'total_marks': 5000, 'sender_email': 'gaurav4664.test@gmail.com', 'mail_interval': 2, 'certi_path': 'test_certificates', 'overwrite': False, 'create_certi_only': True, 'verbose': False}

[02/05/2021, 18:04:50.237526] create_certificate - () - {'student_name': 'Gaurav Patel', 'course_name': 'EPAi2', 'sign_name': 'Rohan Shravan', 'certi_template': '/home/gp-ubuntu/Desktop/EPAi2/EPAi2-Assignments/capstone/deployment/certificate_mailer/certificate_mailer/data/certi_template.jpg', 'certi_path': 'test_certificates', 'overwrite': False}

[02/05/2021, 18:04:50.276028] create_certificate returned: test_certificates/EPAi2_Gaurav_Patel_Rohan_Shravan.jpg

[02/05/2021, 18:04:50.276385] create_n_mail_certificates returned: True

[02/05/2021, 18:04:50.279715] create_n_mail_certificates - () - {'csv_file_name': 'temp_data.csv', 'course_name': 'EPAi2', 'sign_name': 'Rohan Shravan', 'total_marks': 5000, 'sender_email': 'gaurav4664.test@gmail.com', 'mail_interval': 2, 'certi_path': 'test_certificates', 'overwrite': False, 'create_certi_only': True, 'verbose': False}

[02/05/2021, 18:04:50.280569] create_certificate - () - {'student_name': 'Gaurav Patel', 'course_name': 'EPAi2', 'sign_name': 'Rohan Shravan', 'certi_template': '/home/gp-ubuntu/Desktop/EPAi2/EPAi2-Assignments/capstone/deployment/certificate_mailer/certificate_mailer/data/certi_template.jpg', 'certi_path': 'test_certificates', 'overwrite': False}

[02/05/2021, 18:04:50.322424] create_certificate returned: test_certificates/EPAi2_Gaurav_Patel_Rohan_Shravan.jpg

[02/05/2021, 18:04:50.322944] create_n_mail_certificates returned: True

[02/05/2021, 18:04:50.325904] create_n_mail_certificates - () - {'csv_file_name': 'test_data.csv', 'course_name': 'EPAi2', 'sign_name': 'Rohan Shravan', 'total_marks': 5000, 'sender_email': 'gaurav4664.test@gmail', 'mail_interval': 2, 'certi_path': 'test_certificates', 'overwrite': False, 'create_certi_only': True, 'verbose': False}

[02/05/2021, 18:04:50.326168] create_n_mail_certificates returned: False

[02/05/2021, 18:04:50.328758] create_n_mail_certificates - () - {'csv_file_name': 'test_data.csv', 'course_name': 'EPAi2', 'sign_name': 'Rohan Shravan', 'total_marks': 5000, 'sender_email': 'gaurav4664.test', 'mail_interval': 2, 'certi_path': 'test_certificates', 'overwrite': False, 'create_certi_only': True, 'verbose': False}

[02/05/2021, 18:04:50.329023] create_n_mail_certificates returned: False

[02/05/2021, 18:04:50.331876] create_n_mail_certificates - () - {'csv_file_name': 'test_data.csv', 'course_name': 'EPAi2', 'sign_name': 'Rohan Shravan', 'total_marks': 5000, 'sender_email': 'gaurav4664.test@yahoo.com', 'mail_interval': 2, 'certi_path': 'test_certificates', 'overwrite': False, 'create_certi_only': True, 'verbose': False}

[02/05/2021, 18:04:50.332232] create_n_mail_certificates returned: False

[02/05/2021, 18:04:50.335124] create_n_mail_certificates - () - {'csv_file_name': 'test_data.csv', 'course_name': 'EPAi2', 'sign_name': 'Rohan@Shravan', 'total_marks': 5000, 'sender_email': 'gaurav4664.test@gmail.com', 'mail_interval': 2, 'certi_path': 'test_certificates', 'overwrite': False, 'create_certi_only': True, 'verbose': False}

[02/05/2021, 18:04:50.335437] create_n_mail_certificates returned: False

[02/05/2021, 18:04:50.338208] create_n_mail_certificates - () - {'csv_file_name': 'test_data.csv', 'course_name': 'EPAi2', 'sign_name': 'Rohan@Shravan', 'total_marks': 5000, 'sender_email': 'gaurav4664.test@gmail.com', 'mail_interval': 2, 'certi_path': 'test_certificates', 'overwrite': False, 'create_certi_only': True, 'verbose': False}

[02/05/2021, 18:04:50.338526] create_n_mail_certificates returned: False

[02/05/2021, 18:04:50.341255] create_n_mail_certificates - () - {'csv_file_name': 'test_data.csv', 'course_name': 'EPAi2', 'sign_name': 'Rohan@Shravan', 'total_marks': 0.0, 'sender_email': 'gaurav4664.test@gmail.com', 'mail_interval': 2, 'certi_path': 'test_certificates', 'overwrite': False, 'create_certi_only': True, 'verbose': False}

[02/05/2021, 18:04:50.341563] create_n_mail_certificates returned: False

[02/05/2021, 18:04:50.344484] create_n_mail_certificates - () - {'csv_file_name': 'test_data.csv', 'course_name': 'EPAi2', 'sign_name': 'Rohan@Shravan', 'total_marks': -5000, 'sender_email': 'gaurav4664.test@gmail.com', 'mail_interval': 2, 'certi_path': 'test_certificates', 'overwrite': False, 'create_certi_only': True, 'verbose': False}

[02/05/2021, 18:04:50.344827] create_n_mail_certificates returned: False

[02/05/2021, 18:05:35.289374] create_n_mail_certificates - () - {'csv_file_name': '.data/test_data_no_header.csv', 'course_name': 'EPAi2', 'sign_name': 'Rohan Shravan', 'total_marks': 5000, 'sender_email': 'gaurav4664.test@gmail.com', 'mail_interval': 2, 'certi_path': './certificates', 'overwrite': False, 'create_certi_only': False, 'verbose': False}

[02/05/2021, 18:05:35.290717] create_n_mail_certificates returned: False

[02/05/2021, 18:05:35.293811] create_n_mail_certificates - () - {'csv_file_name': '.data/test_data_invalid_header.csv', 'course_name': 'EPAi2', 'sign_name': 'Rohan Shravan', 'total_marks': 5000, 'sender_email': 'gaurav4664.test@gmail.com', 'mail_interval': 2, 'certi_path': './certificates', 'overwrite': False, 'create_certi_only': False, 'verbose': False}

[02/05/2021, 18:05:35.294369] create_n_mail_certificates returned: False

[02/05/2021, 18:05:35.297864] create_n_mail_certificates - () - {'csv_file_name': '.data/test_data_empty.csv', 'course_name': 'EPAi2', 'sign_name': 'Rohan Shravan', 'total_marks': 5000, 'sender_email': 'gaurav4664.test@gmail.com', 'mail_interval': 2, 'certi_path': './certificates', 'overwrite': False, 'create_certi_only': False, 'verbose': False}

[02/05/2021, 18:05:35.298429] create_n_mail_certificates returned: False

[02/05/2021, 18:05:35.301456] create_n_mail_certificates - () - {'csv_file_name': '.data/test_data_invalid_data.csv', 'course_name': 'EPAi2', 'sign_name': 'Rohan Shravan', 'total_marks': 5000, 'sender_email': 'gaurav4664.test@gmail.com', 'mail_interval': 2, 'certi_path': './certificates', 'overwrite': False, 'create_certi_only': False, 'verbose': False}

[02/05/2021, 18:05:35.302017] create_n_mail_certificates returned: False

[02/05/2021, 18:05:35.306341] create_n_mail_certificates - () - {'csv_file_name': 'temp_data.csv', 'course_name': 'EPAi2', 'sign_name': 'Rohan Shravan', 'total_marks': 5000, 'sender_email': 'gaurav4664.test@gmail.com', 'mail_interval': 2, 'certi_path': 'test_certificates', 'overwrite': False, 'create_certi_only': True, 'verbose': False}

[02/05/2021, 18:05:35.307402] create_certificate - () - {'student_name': 'Gaurav Patel', 'course_name': 'EPAi2', 'sign_name': 'Rohan Shravan', 'certi_template': '/home/gp-ubuntu/Desktop/EPAi2/EPAi2-Assignments/capstone/deployment/certificate_mailer/certificate_mailer/data/certi_template.jpg', 'certi_path': 'test_certificates', 'overwrite': False}

[02/05/2021, 18:05:35.362393] create_certificate returned: test_certificates/EPAi2_Gaurav_Patel_Rohan_Shravan.jpg

[02/05/2021, 18:05:35.362846] create_n_mail_certificates returned: True

[02/05/2021, 18:05:35.442102] create_n_mail_certificates - () - {'csv_file_name': 'large_data.csv', 'course_name': 'EPAi2', 'sign_name': 'Rohan Shravan', 'total_marks': 5000, 'sender_email': 'gaurav4664.test@gmail.com', 'mail_interval': 2, 'certi_path': 'test_certificates', 'overwrite': True, 'create_certi_only': True, 'verbose': False}

[02/05/2021, 18:05:35.443348] create_certificate - () - {'student_name': 'Jessica Delgadoamwtw', 'course_name': 'EPAi2', 'sign_name': 'Rohan Shravan', 'certi_template': '/home/gp-ubuntu/Desktop/EPAi2/EPAi2-Assignments/capstone/deployment/certificate_mailer/certificate_mailer/data/certi_template.jpg', 'certi_path': 'test_certificates', 'overwrite': True}

[02/05/2021, 18:05:35.491680] create_certificate returned: test_certificates/EPAi2_Jessica_Delgadoamwtw_Rohan_Shravan.jpg

[02/05/2021, 18:05:35.492259] create_certificate - () - {'student_name': 'Jonathan Simsmhejr', 'course_name': 'EPAi2', 'sign_name': 'Rohan Shravan', 'certi_template': '/home/gp-ubuntu/Desktop/EPAi2/EPAi2-Assignments/capstone/deployment/certificate_mailer/certificate_mailer/data/certi_template.jpg', 'certi_path': 'test_certificates', 'overwrite': True}

[02/05/2021, 18:05:35.527336] create_certificate returned: test_certificates/EPAi2_Jonathan_Simsmhejr_Rohan_Shravan.jpg

[02/05/2021, 18:05:35.527917] create_certificate - () - {'student_name': 'Kelli Ruizpcqrx', 'course_name': 'EPAi2', 'sign_name': 'Rohan Shravan', 'certi_template': '/home/gp-ubuntu/Desktop/EPAi2/EPAi2-Assignments/capstone/deployment/certificate_mailer/certificate_mailer/data/certi_template.jpg', 'certi_path': 'test_certificates', 'overwrite': True}

[02/05/2021, 18:05:35.562949] create_certificate returned: test_certificates/EPAi2_Kelli_Ruizpcqrx_Rohan_Shravan.jpg

[02/05/2021, 18:05:35.564326] create_certificate - () - {'student_name': 'Charles Robertsonhqezp', 'course_name': 'EPAi2', 'sign_name': 'Rohan Shravan', 'certi_template': '/home/gp-ubuntu/Desktop/EPAi2/EPAi2-Assignments/capstone/deployment/certificate_mailer/certificate_mailer/data/certi_template.jpg', 'certi_path': 'test_certificates', 'overwrite': True}

[02/05/2021, 18:05:35.616951] create_certificate returned: test_certificates/EPAi2_Charles_Robertsonhqezp_Rohan_Shravan.jpg

[02/05/2021, 18:05:35.617789] create_certificate - () - {'student_name': 'Andrea Martinevqhr', 'course_name': 'EPAi2', 'sign_name': 'Rohan Shravan', 'certi_template': '/home/gp-ubuntu/Desktop/EPAi2/EPAi2-Assignments/capstone/deployment/certificate_mailer/certificate_mailer/data/certi_template.jpg', 'certi_path': 'test_certificates', 'overwrite': True}

[02/05/2021, 18:05:35.668010] create_certificate returned: test_certificates/EPAi2_Andrea_Martinevqhr_Rohan_Shravan.jpg

[02/05/2021, 18:05:35.668637] create_certificate - () - {'student_name': 'Karen Crossctfnb', 'course_name': 'EPAi2', 'sign_name': 'Rohan Shravan', 'certi_template': '/home/gp-ubuntu/Desktop/EPAi2/EPAi2-Assignments/capstone/deployment/certificate_mailer/certificate_mailer/data/certi_template.jpg', 'certi_path': 'test_certificates', 'overwrite': True}

[02/05/2021, 18:05:35.720315] create_certificate returned: test_certificates/EPAi2_Karen_Crossctfnb_Rohan_Shravan.jpg

[02/05/2021, 18:05:35.720961] create_certificate - () - {'student_name': 'Christina Jacobssdskn', 'course_name': 'EPAi2', 'sign_name': 'Rohan Shravan', 'certi_template': '/home/gp-ubuntu/Desktop/EPAi2/EPAi2-Assignments/capstone/deployment/certificate_mailer/certificate_mailer/data/certi_template.jpg', 'certi_path': 'test_certificates', 'overwrite': True}

[02/05/2021, 18:05:35.770635] create_certificate returned: test_certificates/EPAi2_Christina_Jacobssdskn_Rohan_Shravan.jpg

[02/05/2021, 18:05:35.771168] create_certificate - () - {'student_name': 'Susan Lopezhxfns', 'course_name': 'EPAi2', 'sign_name': 'Rohan Shravan', 'certi_template': '/home/gp-ubuntu/Desktop/EPAi2/EPAi2-Assignments/capstone/deployment/certificate_mailer/certificate_mailer/data/certi_template.jpg', 'certi_path': 'test_certificates', 'overwrite': True}

[02/05/2021, 18:05:35.824146] create_certificate returned: test_certificates/EPAi2_Susan_Lopezhxfns_Rohan_Shravan.jpg

[02/05/2021, 18:05:35.824766] create_certificate - () - {'student_name': 'Bob Vasquezuzoqq', 'course_name': 'EPAi2', 'sign_name': 'Rohan Shravan', 'certi_template': '/home/gp-ubuntu/Desktop/EPAi2/EPAi2-Assignments/capstone/deployment/certificate_mailer/certificate_mailer/data/certi_template.jpg', 'certi_path': 'test_certificates', 'overwrite': True}

[02/05/2021, 18:05:35.874720] create_certificate returned: test_certificates/EPAi2_Bob_Vasquezuzoqq_Rohan_Shravan.jpg

[02/05/2021, 18:05:35.875305] create_certificate - () - {'student_name': 'Leslie Johnsonlqsmm', 'course_name': 'EPAi2', 'sign_name': 'Rohan Shravan', 'certi_template': '/home/gp-ubuntu/Desktop/EPAi2/EPAi2-Assignments/capstone/deployment/certificate_mailer/certificate_mailer/data/certi_template.jpg', 'certi_path': 'test_certificates', 'overwrite': True}

[02/05/2021, 18:05:35.911926] create_certificate returned: test_certificates/EPAi2_Leslie_Johnsonlqsmm_Rohan_Shravan.jpg

[02/05/2021, 18:05:35.912390] create_n_mail_certificates returned: True

[02/05/2021, 18:05:35.917499] create_n_mail_certificates - () - {'csv_file_name': 'temp_data.csv', 'course_name': 'EPAi2', 'sign_name': 'Rohan Shravan', 'total_marks': 5000, 'sender_email': 'gaurav4664.test@gmail.com', 'mail_interval': 2, 'certi_path': 'test_certificates', 'overwrite': False, 'create_certi_only': True, 'verbose': False}

[02/05/2021, 18:05:35.918404] create_certificate - () - {'student_name': 'Gaurav Patel', 'course_name': 'EPAi2', 'sign_name': 'Rohan Shravan', 'certi_template': '/home/gp-ubuntu/Desktop/EPAi2/EPAi2-Assignments/capstone/deployment/certificate_mailer/certificate_mailer/data/certi_template.jpg', 'certi_path': 'test_certificates', 'overwrite': False}

[02/05/2021, 18:05:35.961486] create_certificate returned: test_certificates/EPAi2_Gaurav_Patel_Rohan_Shravan.jpg

[02/05/2021, 18:05:35.962015] create_n_mail_certificates returned: True

[02/05/2021, 18:05:35.965985] create_n_mail_certificates - () - {'csv_file_name': 'temp_data.csv', 'course_name': 'EPAi2', 'sign_name': 'Rohan Shravan', 'total_marks': 5000, 'sender_email': 'gaurav4664.test@gmail.com', 'mail_interval': 2, 'certi_path': 'test_certificates', 'overwrite': False, 'create_certi_only': True, 'verbose': False}

[02/05/2021, 18:05:35.966986] create_certificate - () - {'student_name': 'Gaurav Patel', 'course_name': 'EPAi2', 'sign_name': 'Rohan Shravan', 'certi_template': '/home/gp-ubuntu/Desktop/EPAi2/EPAi2-Assignments/capstone/deployment/certificate_mailer/certificate_mailer/data/certi_template.jpg', 'certi_path': 'test_certificates', 'overwrite': False}

[02/05/2021, 18:05:36.017707] create_certificate returned: test_certificates/EPAi2_Gaurav_Patel_Rohan_Shravan.jpg

[02/05/2021, 18:05:36.018288] create_n_mail_certificates returned: True

[02/05/2021, 18:05:36.022408] create_n_mail_certificates - () - {'csv_file_name': 'temp_data.csv', 'course_name': 'EPAi2', 'sign_name': 'Rohan Shravan', 'total_marks': 5000, 'sender_email': 'gaurav4664.test@gmail.com', 'mail_interval': 2, 'certi_path': 'test_certificates', 'overwrite': False, 'create_certi_only': True, 'verbose': False}

[02/05/2021, 18:05:36.023406] create_certificate - () - {'student_name': 'Gaurav Patel', 'course_name': 'EPAi2', 'sign_name': 'Rohan Shravan', 'certi_template': '/home/gp-ubuntu/Desktop/EPAi2/EPAi2-Assignments/capstone/deployment/certificate_mailer/certificate_mailer/data/certi_template.jpg', 'certi_path': 'test_certificates', 'overwrite': False}

[02/05/2021, 18:05:36.072637] create_certificate returned: test_certificates/EPAi2_Gaurav_Patel_Rohan_Shravan.jpg

[02/05/2021, 18:05:36.073225] create_n_mail_certificates returned: True

[02/05/2021, 18:05:36.077206] create_n_mail_certificates - () - {'csv_file_name': 'temp_data.csv', 'course_name': 'EPAi2', 'sign_name': 'Rohan Shravan', 'total_marks': 5000, 'sender_email': 'gaurav4664.test@gmail.com', 'mail_interval': 2, 'certi_path': 'test_certificates', 'overwrite': False, 'create_certi_only': True, 'verbose': False}

[02/05/2021, 18:05:36.078276] create_certificate - () - {'student_name': 'Gaurav Patel', 'course_name': 'EPAi2', 'sign_name': 'Rohan Shravan', 'certi_template': '/home/gp-ubuntu/Desktop/EPAi2/EPAi2-Assignments/capstone/deployment/certificate_mailer/certificate_mailer/data/certi_template.jpg', 'certi_path': 'test_certificates', 'overwrite': False}

[02/05/2021, 18:05:36.154331] create_certificate returned: test_certificates/EPAi2_Gaurav_Patel_Rohan_Shravan.jpg

[02/05/2021, 18:05:36.156830] create_n_mail_certificates returned: True

[02/05/2021, 18:05:36.167975] create_n_mail_certificates - () - {'csv_file_name': 'temp_data.csv', 'course_name': 'EPAi2', 'sign_name': 'Rohan Shravan', 'total_marks': 5000, 'sender_email': 'gaurav4664.test@gmail.com', 'mail_interval': 2, 'certi_path': 'test_certificates', 'overwrite': False, 'create_certi_only': True, 'verbose': False}

[02/05/2021, 18:05:36.171122] create_certificate - () - {'student_name': 'Gaurav Patel', 'course_name': 'EPAi2', 'sign_name': 'Rohan Shravan', 'certi_template': '/home/gp-ubuntu/Desktop/EPAi2/EPAi2-Assignments/capstone/deployment/certificate_mailer/certificate_mailer/data/certi_template.jpg', 'certi_path': 'test_certificates', 'overwrite': False}

[02/05/2021, 18:05:36.225978] create_certificate returned: test_certificates/EPAi2_Gaurav_Patel_Rohan_Shravan.jpg

[02/05/2021, 18:05:36.226601] create_n_mail_certificates returned: True

[02/05/2021, 18:05:36.231069] create_n_mail_certificates - () - {'csv_file_name': 'temp_data.csv', 'course_name': 'EPAi2', 'sign_name': 'Rohan Shravan', 'total_marks': 5000, 'sender_email': 'gaurav4664.test@gmail.com', 'mail_interval': 2, 'certi_path': 'test_certificates', 'overwrite': False, 'create_certi_only': True, 'verbose': False}

[02/05/2021, 18:05:36.232206] create_certificate - () - {'student_name': 'Gaurav Patel', 'course_name': 'EPAi2', 'sign_name': 'Rohan Shravan', 'certi_template': '/home/gp-ubuntu/Desktop/EPAi2/EPAi2-Assignments/capstone/deployment/certificate_mailer/certificate_mailer/data/certi_template.jpg', 'certi_path': 'test_certificates', 'overwrite': False}

[02/05/2021, 18:05:36.284833] create_certificate returned: test_certificates/EPAi2_Gaurav_Patel_Rohan_Shravan.jpg

[02/05/2021, 18:05:36.288075] create_n_mail_certificates returned: True

[02/05/2021, 18:05:36.300346] create_n_mail_certificates - () - {'csv_file_name': 'temp_data.csv', 'course_name': 'EPAi2', 'sign_name': 'Rohan Shravan', 'total_marks': 5000, 'sender_email': 'gaurav4664.test@gmail.com', 'mail_interval': 2, 'certi_path': 'test_certificates', 'overwrite': False, 'create_certi_only': True, 'verbose': False}

[02/05/2021, 18:05:36.303564] create_certificate - () - {'student_name': 'Gaurav Patel', 'course_name': 'EPAi2', 'sign_name': 'Rohan Shravan', 'certi_template': '/home/gp-ubuntu/Desktop/EPAi2/EPAi2-Assignments/capstone/deployment/certificate_mailer/certificate_mailer/data/certi_template.jpg', 'certi_path': 'test_certificates', 'overwrite': False}

[02/05/2021, 18:05:36.365654] create_certificate returned: test_certificates/EPAi2_Gaurav_Patel_Rohan_Shravan.jpg

[02/05/2021, 18:05:36.366303] create_n_mail_certificates returned: True

[02/05/2021, 18:05:36.370115] create_n_mail_certificates - () - {'csv_file_name': 'test_data.csv', 'course_name': 'EPAi2', 'sign_name': 'Rohan Shravan', 'total_marks': 5000, 'sender_email': 'gaurav4664.test@gmail', 'mail_interval': 2, 'certi_path': 'test_certificates', 'overwrite': False, 'create_certi_only': True, 'verbose': False}

[02/05/2021, 18:05:36.370690] create_n_mail_certificates returned: False

[02/05/2021, 18:05:36.374164] create_n_mail_certificates - () - {'csv_file_name': 'test_data.csv', 'course_name': 'EPAi2', 'sign_name': 'Rohan Shravan', 'total_marks': 5000, 'sender_email': 'gaurav4664.test', 'mail_interval': 2, 'certi_path': 'test_certificates', 'overwrite': False, 'create_certi_only': True, 'verbose': False}

[02/05/2021, 18:05:36.374706] create_n_mail_certificates returned: False

[02/05/2021, 18:05:36.378286] create_n_mail_certificates - () - {'csv_file_name': 'test_data.csv', 'course_name': 'EPAi2', 'sign_name': 'Rohan Shravan', 'total_marks': 5000, 'sender_email': 'gaurav4664.test@yahoo.com', 'mail_interval': 2, 'certi_path': 'test_certificates', 'overwrite': False, 'create_certi_only': True, 'verbose': False}

[02/05/2021, 18:05:36.378833] create_n_mail_certificates returned: False

[02/05/2021, 18:05:36.383936] create_n_mail_certificates - () - {'csv_file_name': 'test_data.csv', 'course_name': 'EPAi2', 'sign_name': 'Rohan@Shravan', 'total_marks': 5000, 'sender_email': 'gaurav4664.test@gmail.com', 'mail_interval': 2, 'certi_path': 'test_certificates', 'overwrite': False, 'create_certi_only': True, 'verbose': False}

[02/05/2021, 18:05:36.384457] create_n_mail_certificates returned: False

[02/05/2021, 18:05:36.387816] create_n_mail_certificates - () - {'csv_file_name': 'test_data.csv', 'course_name': 'EPAi2', 'sign_name': 'Rohan@Shravan', 'total_marks': 5000, 'sender_email': 'gaurav4664.test@gmail.com', 'mail_interval': 2, 'certi_path': 'test_certificates', 'overwrite': False, 'create_certi_only': True, 'verbose': False}

[02/05/2021, 18:05:36.388356] create_n_mail_certificates returned: False

[02/05/2021, 18:05:36.391847] create_n_mail_certificates - () - {'csv_file_name': 'test_data.csv', 'course_name': 'EPAi2', 'sign_name': 'Rohan@Shravan', 'total_marks': 0.0, 'sender_email': 'gaurav4664.test@gmail.com', 'mail_interval': 2, 'certi_path': 'test_certificates', 'overwrite': False, 'create_certi_only': True, 'verbose': False}

[02/05/2021, 18:05:36.392461] create_n_mail_certificates returned: False

[02/05/2021, 18:05:36.396170] create_n_mail_certificates - () - {'csv_file_name': 'test_data.csv', 'course_name': 'EPAi2', 'sign_name': 'Rohan@Shravan', 'total_marks': -5000, 'sender_email': 'gaurav4664.test@gmail.com', 'mail_interval': 2, 'certi_path': 'test_certificates', 'overwrite': False, 'create_certi_only': True, 'verbose': False}

[02/05/2021, 18:05:36.396772] create_n_mail_certificates returned: False
